<?xml version="1.0" encoding="UTF-8"?>
<!-- Generated by org.testng.reporters.JUnitXMLReporter -->
<testsuite ignored="0" hostname="KGISL075" failures="1" tests="3" name="Default test" time="66.889" errors="0" timestamp="2023-03-17T17:26:22 IST">
  <testcase classname="io.cucumber.testng.AbstractTestNGCucumberTests" name="runScenario" time="7.932">
    <failure type="java.lang.AssertionError" message="expected [Invalid Username/Password1] but found [Invalid Username/Password]">
      <![CDATA[java.lang.AssertionError: expected [Invalid Username/Password1] but found [Invalid Username/Password]
at org.testng.Assert.fail(Assert.java:110)
at org.testng.Assert.failNotEquals(Assert.java:1577)
at org.testng.Assert.assertEqualsImpl(Assert.java:149)
at org.testng.Assert.assertEquals(Assert.java:131)
at org.testng.Assert.assertEquals(Assert.java:655)
at org.testng.Assert.assertEquals(Assert.java:665)
at PageObjects.LoginPage.ErrorSubmit(LoginPage.java:66)
at StepDefinitions.LoginPageStepDefinition.click_loginer_button(LoginPageStepDefinition.java:57)
at âœ½.Click Loginer button(file:///C:/Users/madhan.kumar/eclipse-workspace/Assignment_CUCUMBER/src/test/java/Features/ErrorValidation.feature:9)
]]>
    </failure>
  </testcase> <!-- runScenario -->
  <testcase classname="io.cucumber.testng.AbstractTestNGCucumberTests" name="runScenario" time="20.09"/>
  <testcase classname="io.cucumber.testng.AbstractTestNGCucumberTests" name="runScenario" time="33.365"/>
</testsuite> <!-- Default test -->
