<html>
<head>
<title>TestNG:  Default test</title>
<link href="../testng.css" rel="stylesheet" type="text/css" />
<link href="../my-testng.css" rel="stylesheet" type="text/css" />

<style type="text/css">
.log { display: none;} 
.stack-trace { display: none;} 
</style>
<script type="text/javascript">
<!--
function flip(e) {
  current = e.style.display;
  if (current == 'block') {
    e.style.display = 'none';
    return 0;
  }
  else {
    e.style.display = 'block';
    return 1;
  }
}

function toggleBox(szDivId, elem, msg1, msg2)
{
  var res = -1;  if (document.getElementById) {
    res = flip(document.getElementById(szDivId));
  }
  else if (document.all) {
    // this is the way old msie versions work
    res = flip(document.all[szDivId]);
  }
  if(elem) {
    if(res == 0) elem.innerHTML = msg1; else elem.innerHTML = msg2;
  }

}

function toggleAllBoxes() {
  if (document.getElementsByTagName) {
    d = document.getElementsByTagName('div');
    for (i = 0; i < d.length; i++) {
      if (d[i].className == 'log') {
        flip(d[i]);
      }
    }
  }
}

// -->
</script>

</head>
<body>
<h2 align='center'>Default test</h2><table border='1' align="center">
<tr>
<td>Tests passed/Failed/Skipped:</td><td>2/1/0</td>
</tr><tr>
<td>Started on:</td><td>Fri Mar 17 17:25:15 IST 2023</td>
</tr>
<tr><td>Total time:</td><td>66 seconds (66889 ms)</td>
</tr><tr>
<td>Included groups:</td><td></td>
</tr><tr>
<td>Excluded groups:</td><td></td>
</tr>
</table><p/>
<small><i>(Hover the method name to see the test class name)</i></small><p/>
<table width='100%' border='1' class='invocation-failed'>
<tr><td colspan='4' align='center'><b>FAILED TESTS</b></td></tr>
<tr><td><b>Test method</b></td>
<td><b>Attribute(s)</b></td>
<td width="30%"><b>Exception</b></td>
<td width="10%"><b>Time (seconds)</b></td>
<td><b>Instance</b></td>
</tr>
<tr>
<td title='CucumberOptions.TestRunner.runScenario()'><b>runScenario</b><br>Test class: CucumberOptions.TestRunner<br>Test method: Runs Cucumber Scenarios<br>Parameters: "To login With the Invalid Username", "ErrorValidation"</td>
<td><div><pre>java.lang.AssertionError: expected [Invalid Username/Password1] but found [Invalid Username/Password]
	at org.testng.Assert.fail(Assert.java:110)
	at org.testng.Assert.failNotEquals(Assert.java:1577)
	at org.testng.Assert.assertEqualsImpl(Assert.java:149)
	at org.testng.Assert.assertEquals(Assert.java:131)
	at org.testng.Assert.assertEquals(Assert.java:655)
	at org.testng.Assert.assertEquals(Assert.java:665)
	at PageObjects.LoginPage.ErrorSubmit(LoginPage.java:66)
	at StepDefinitions.LoginPageStepDefinition.click_loginer_button(LoginPageStepDefinition.java:57)
	at ✽.Click Loginer button(file:///C:/Users/madhan.kumar/eclipse-workspace/Assignment_CUCUMBER/src/test/java/Features/ErrorValidation.feature:9)
</pre></div><a href='#' onClick='toggleBox("stack-trace40207050", this, "Click to show all stack frames", "Click to hide stack frames")'>Click to show all stack frames</a>
<div class='stack-trace' id='stack-trace40207050'><pre>java.lang.AssertionError: expected [Invalid Username/Password1] but found [Invalid Username/Password]
	at org.testng.Assert.fail(Assert.java:110)
	at org.testng.Assert.failNotEquals(Assert.java:1577)
	at org.testng.Assert.assertEqualsImpl(Assert.java:149)
	at org.testng.Assert.assertEquals(Assert.java:131)
	at org.testng.Assert.assertEquals(Assert.java:655)
	at org.testng.Assert.assertEquals(Assert.java:665)
	at PageObjects.LoginPage.ErrorSubmit(LoginPage.java:66)
	at StepDefinitions.LoginPageStepDefinition.click_loginer_button(LoginPageStepDefinition.java:57)
	at ✽.Click Loginer button(file:///C:/Users/madhan.kumar/eclipse-workspace/Assignment_CUCUMBER/src/test/java/Features/ErrorValidation.feature:9)
</pre></div></td>
<td>7</td>
<td>CucumberOptions.TestRunner@48075da3</td></tr>
</table><p>
<table width='100%' border='1' class='invocation-passed'>
<tr><td colspan='4' align='center'><b>PASSED TESTS</b></td></tr>
<tr><td><b>Test method</b></td>
<td><b>Attribute(s)</b></td>
<td width="30%"><b>Exception</b></td>
<td width="10%"><b>Time (seconds)</b></td>
<td><b>Instance</b></td>
</tr>
<tr>
<td title='CucumberOptions.TestRunner.runScenario()'><b>runScenario</b><br>Test class: CucumberOptions.TestRunner<br>Test method: Runs Cucumber Scenarios<br>Parameters: "Login to TalentX Application", "TalentX Calender"</td>
<td></td>
<td>20</td>
<td>CucumberOptions.TestRunner@48075da3</td></tr>
<tr>
<td title='CucumberOptions.TestRunner.runScenario()'><b>runScenario</b><br>Test class: CucumberOptions.TestRunner<br>Test method: Runs Cucumber Scenarios<br>Parameters: "To find the Total Working hours of the User for particular month", "TalentX Total hours"</td>
<td></td>
<td>33</td>
<td>CucumberOptions.TestRunner@48075da3</td></tr>
</table><p>
</body>
</html>