<?xml version="1.0" encoding="UTF-8"?>
<testng-results ignored="0" total="3" passed="2" failed="1" skipped="0">
  <reporter-output>
  </reporter-output>
  <suite started-at="2023-03-17T17:25:15 IST" name="Default suite" finished-at="2023-03-17T17:26:22 IST" duration-ms="66889">
    <groups>
      <group name="cucumber">
        <method signature="AbstractTestNGCucumberTests.runScenario(io.cucumber.testng.PickleWrapper,io.cucumber.testng.FeatureWrapper)[pri:0, instance:CucumberOptions.TestRunner@48075da3]" name="runScenario" class="io.cucumber.testng.AbstractTestNGCucumberTests"/>
      </group> <!-- cucumber -->
    </groups>
    <test started-at="2023-03-17T17:25:15 IST" name="Default test" finished-at="2023-03-17T17:26:22 IST" duration-ms="66889">
      <class name="CucumberOptions.TestRunner">
        <test-method is-config="true" signature="setUpClass(org.testng.ITestContext)[pri:0, instance:CucumberOptions.TestRunner@48075da3]" started-at="2023-03-17T17:25:15 IST" name="setUpClass" finished-at="2023-03-17T17:25:16 IST" duration-ms="741" status="PASS">
          <params>
            <param index="0">
              <value>
                <![CDATA[org.testng.TestRunner@60c98f25]]>
              </value>
            </param>
          </params>
          <reporter-output>
          </reporter-output>
        </test-method> <!-- setUpClass -->
        <test-method signature="runScenario(io.cucumber.testng.PickleWrapper,io.cucumber.testng.FeatureWrapper)[pri:0, instance:CucumberOptions.TestRunner@48075da3]" started-at="2023-03-17T17:25:16 IST" name="runScenario" description="Runs Cucumber Scenarios" data-provider="scenarios" finished-at="2023-03-17T17:25:24 IST" duration-ms="7932" status="FAIL">
          <params>
            <param index="0">
              <value>
                <![CDATA["To login With the Invalid Username"]]>
              </value>
            </param>
            <param index="1">
              <value>
                <![CDATA["ErrorValidation"]]>
              </value>
            </param>
          </params>
          <exception class="java.lang.AssertionError">
            <message>
              <![CDATA[expected [Invalid Username/Password1] but found [Invalid Username/Password]]]>
            </message>
            <full-stacktrace>
              <![CDATA[java.lang.AssertionError: expected [Invalid Username/Password1] but found [Invalid Username/Password]
at org.testng.Assert.fail(Assert.java:110)
at org.testng.Assert.failNotEquals(Assert.java:1577)
at org.testng.Assert.assertEqualsImpl(Assert.java:149)
at org.testng.Assert.assertEquals(Assert.java:131)
at org.testng.Assert.assertEquals(Assert.java:655)
at org.testng.Assert.assertEquals(Assert.java:665)
at PageObjects.LoginPage.ErrorSubmit(LoginPage.java:66)
at StepDefinitions.LoginPageStepDefinition.click_loginer_button(LoginPageStepDefinition.java:57)
at âœ½.Click Loginer button(file:///C:/Users/madhan.kumar/eclipse-workspace/Assignment_CUCUMBER/src/test/java/Features/ErrorValidation.feature:9)
]]>
            </full-stacktrace>
          </exception> <!-- java.lang.AssertionError -->
          <reporter-output>
          </reporter-output>
        </test-method> <!-- runScenario -->
        <test-method signature="runScenario(io.cucumber.testng.PickleWrapper,io.cucumber.testng.FeatureWrapper)[pri:0, instance:CucumberOptions.TestRunner@48075da3]" started-at="2023-03-17T17:25:24 IST" name="runScenario" description="Runs Cucumber Scenarios" data-provider="scenarios" finished-at="2023-03-17T17:25:44 IST" duration-ms="20090" status="PASS">
          <params>
            <param index="0">
              <value>
                <![CDATA["Login to TalentX Application"]]>
              </value>
            </param>
            <param index="1">
              <value>
                <![CDATA["TalentX Calender"]]>
              </value>
            </param>
          </params>
          <reporter-output>
          </reporter-output>
        </test-method> <!-- runScenario -->
        <test-method signature="runScenario(io.cucumber.testng.PickleWrapper,io.cucumber.testng.FeatureWrapper)[pri:0, instance:CucumberOptions.TestRunner@48075da3]" started-at="2023-03-17T17:25:44 IST" name="runScenario" description="Runs Cucumber Scenarios" data-provider="scenarios" finished-at="2023-03-17T17:26:17 IST" duration-ms="33365" status="PASS">
          <params>
            <param index="0">
              <value>
                <![CDATA["To find the Total Working hours of the User for particular month"]]>
              </value>
            </param>
            <param index="1">
              <value>
                <![CDATA["TalentX Total hours"]]>
              </value>
            </param>
          </params>
          <reporter-output>
          </reporter-output>
        </test-method> <!-- runScenario -->
        <test-method is-config="true" signature="tearDownClass()[pri:0, instance:CucumberOptions.TestRunner@48075da3]" started-at="2023-03-17T17:26:17 IST" name="tearDownClass" finished-at="2023-03-17T17:26:22 IST" duration-ms="4715" status="PASS">
          <reporter-output>
          </reporter-output>
        </test-method> <!-- tearDownClass -->
      </class> <!-- CucumberOptions.TestRunner -->
    </test> <!-- Default test -->
  </suite> <!-- Default suite -->
</testng-results>
